This file contains any messages produced by compilers while
running configure, to aid debugging if configure makes a mistake.

It was created by XML-Security-C configure 1.7.2, which was
generated by GNU Autoconf 2.69.  Invocation command line was

  $ ../xml-security-c-1.7.2/configure --no-create --no-recursion

## --------- ##
## Platform. ##
## --------- ##

hostname = Lenovo-Yoga-500-14ISK
uname -m = x86_64
uname -r = 4.4.0-38-generic
uname -s = Linux
uname -v = #57-Ubuntu SMP Tue Sep 6 15:42:33 UTC 2016

/usr/bin/uname -p = unknown
/bin/uname -X     = unknown

/bin/arch              = unknown
/usr/bin/arch -k       = unknown
/usr/convex/getsysinfo = unknown
/usr/bin/hostinfo      = unknown
/bin/machine           = unknown
/usr/bin/oslevel       = unknown
/bin/universe          = unknown

PATH: /usr/local/sbin
PATH: /usr/local/bin
PATH: /usr/sbin
PATH: /usr/bin
PATH: /sbin
PATH: /bin
PATH: /snap/bin


## ----------- ##
## Core tests. ##
## ----------- ##

configure:2597: checking for a BSD-compatible install
configure:2665: result: /usr/bin/install -c
configure:2676: checking whether build environment is sane
configure:2731: result: yes
configure:2882: checking for a thread-safe mkdir -p
configure:2921: result: /bin/mkdir -p
configure:2928: checking for gawk
configure:2958: result: no
configure:2928: checking for mawk
configure:2944: found /usr/bin/mawk
configure:2955: result: mawk
configure:2966: checking whether make sets $(MAKE)
configure:2988: result: yes
configure:3103: checking build system type
configure:3117: result: x86_64-unknown-linux-gnu
configure:3137: checking host system type
configure:3150: result: x86_64-unknown-linux-gnu
configure:3191: checking how to print strings
configure:3218: result: printf
configure:3251: checking for style of include used by make
configure:3279: result: GNU
configure:3350: checking for gcc
configure:3366: found /usr/bin/gcc
configure:3377: result: gcc
configure:3606: checking for C compiler version
configure:3615: gcc --version >&5
gcc (Ubuntu 5.4.0-6ubuntu1~16.04.2) 5.4.0 20160609
Copyright (C) 2015 Free Software Foundation, Inc.
This is free software; see the source for copying conditions.  There is NO
warranty; not even for MERCHANTABILITY or FITNESS FOR A PARTICULAR PURPOSE.

configure:3626: $? = 0
configure:3615: gcc -v >&5
Using built-in specs.
COLLECT_GCC=gcc
COLLECT_LTO_WRAPPER=/usr/lib/gcc/x86_64-linux-gnu/5/lto-wrapper
Target: x86_64-linux-gnu
Configured with: ../src/configure -v --with-pkgversion='Ubuntu 5.4.0-6ubuntu1~16.04.2' --with-bugurl=file:///usr/share/doc/gcc-5/README.Bugs --enable-languages=c,ada,c++,java,go,d,fortran,objc,obj-c++ --prefix=/usr --program-suffix=-5 --enable-shared --enable-linker-build-id --libexecdir=/usr/lib --without-included-gettext --enable-threads=posix --libdir=/usr/lib --enable-nls --with-sysroot=/ --enable-clocale=gnu --enable-libstdcxx-debug --enable-libstdcxx-time=yes --with-default-libstdcxx-abi=new --enable-gnu-unique-object --disable-vtable-verify --enable-libmpx --enable-plugin --with-system-zlib --disable-browser-plugin --enable-java-awt=gtk --enable-gtk-cairo --with-java-home=/usr/lib/jvm/java-1.5.0-gcj-5-amd64/jre --enable-java-home --with-jvm-root-dir=/usr/lib/jvm/java-1.5.0-gcj-5-amd64 --with-jvm-jar-dir=/usr/lib/jvm-exports/java-1.5.0-gcj-5-amd64 --with-arch-directory=amd64 --with-ecj-jar=/usr/share/java/eclipse-ecj.jar --enable-objc-gc --enable-multiarch --disable-werror --with-arch-32=i686 --with-abi=m64 --with-multilib-list=m32,m64,mx32 --enable-multilib --with-tune=generic --enable-checking=release --build=x86_64-linux-gnu --host=x86_64-linux-gnu --target=x86_64-linux-gnu
Thread model: posix
gcc version 5.4.0 20160609 (Ubuntu 5.4.0-6ubuntu1~16.04.2) 
configure:3626: $? = 0
configure:3615: gcc -V >&5
gcc: error: unrecognized command line option '-V'
gcc: fatal error: no input files
compilation terminated.
configure:3626: $? = 1
configure:3615: gcc -qversion >&5
gcc: error: unrecognized command line option '-qversion'
gcc: fatal error: no input files
compilation terminated.
configure:3626: $? = 1
configure:3646: checking whether the C compiler works
configure:3668: gcc    conftest.c  >&5
configure:3672: $? = 0
configure:3720: result: yes
configure:3723: checking for C compiler default output file name
configure:3725: result: a.out
configure:3731: checking for suffix of executables
configure:3738: gcc -o conftest    conftest.c  >&5
configure:3742: $? = 0
configure:3764: result: 
configure:3786: checking whether we are cross compiling
configure:3794: gcc -o conftest    conftest.c  >&5
configure:3798: $? = 0
configure:3805: ./conftest
configure:3809: $? = 0
configure:3824: result: no
configure:3829: checking for suffix of object files
configure:3851: gcc -c   conftest.c >&5
configure:3855: $? = 0
configure:3876: result: o
configure:3880: checking whether we are using the GNU C compiler
configure:3899: gcc -c   conftest.c >&5
configure:3899: $? = 0
configure:3908: result: yes
configure:3917: checking whether gcc accepts -g
configure:3937: gcc -c -g  conftest.c >&5
configure:3937: $? = 0
configure:3978: result: yes
configure:3995: checking for gcc option to accept ISO C89
configure:4058: gcc  -c -g -O2  conftest.c >&5
configure:4058: $? = 0
configure:4071: result: none needed
configure:4093: checking dependency style of gcc
configure:4204: result: gcc3
configure:4219: checking for a sed that does not truncate output
configure:4283: result: /bin/sed
configure:4301: checking for grep that handles long lines and -e
configure:4359: result: /bin/grep
configure:4364: checking for egrep
configure:4426: result: /bin/grep -E
configure:4431: checking for fgrep
configure:4493: result: /bin/grep -F
configure:4528: checking for ld used by gcc
configure:4595: result: /usr/bin/ld
configure:4602: checking if the linker (/usr/bin/ld) is GNU ld
configure:4617: result: yes
configure:4629: checking for BSD- or MS-compatible name lister (nm)
configure:4678: result: /usr/bin/nm -B
configure:4808: checking the name lister (/usr/bin/nm -B) interface
configure:4815: gcc -c -g -O2  conftest.c >&5
configure:4818: /usr/bin/nm -B "conftest.o"
configure:4821: output
0000000000000000 B some_variable
configure:4828: result: BSD nm
configure:4831: checking whether ln -s works
configure:4835: result: yes
configure:4843: checking the maximum length of command line arguments
configure:4973: result: 3458764513820540925
configure:4990: checking whether the shell understands some XSI constructs
configure:5000: result: yes
configure:5004: checking whether the shell understands "+="
configure:5010: result: yes
configure:5045: checking how to convert x86_64-unknown-linux-gnu file names to x86_64-unknown-linux-gnu format
configure:5085: result: func_convert_file_noop
configure:5092: checking how to convert x86_64-unknown-linux-gnu file names to toolchain format
configure:5112: result: func_convert_file_noop
configure:5119: checking for /usr/bin/ld option to reload object files
configure:5126: result: -r
configure:5200: checking for objdump
configure:5216: found /usr/bin/objdump
configure:5227: result: objdump
configure:5259: checking how to recognize dependent libraries
configure:5461: result: pass_all
configure:5546: checking for dlltool
configure:5576: result: no
configure:5606: checking how to associate runtime and link libraries
configure:5633: result: printf %s\n
configure:5694: checking for ar
configure:5710: found /usr/bin/ar
configure:5721: result: ar
configure:5758: checking for archiver @FILE support
configure:5775: gcc -c -g -O2  conftest.c >&5
configure:5775: $? = 0
configure:5778: ar cru libconftest.a @conftest.lst >&5
ar: `u' modifier ignored since `D' is the default (see `U')
configure:5781: $? = 0
configure:5786: ar cru libconftest.a @conftest.lst >&5
ar: `u' modifier ignored since `D' is the default (see `U')
ar: conftest.o: No such file or directory
configure:5789: $? = 1
configure:5801: result: @
configure:5859: checking for strip
configure:5875: found /usr/bin/strip
configure:5886: result: strip
configure:5958: checking for ranlib
configure:5974: found /usr/bin/ranlib
configure:5985: result: ranlib
configure:6087: checking command to parse /usr/bin/nm -B output from gcc object
configure:6207: gcc -c -g -O2  conftest.c >&5
configure:6210: $? = 0
configure:6214: /usr/bin/nm -B conftest.o \| sed -n -e 's/^.*[ ]\([ABCDGIRSTW][ABCDGIRSTW]*\)[ ][ ]*\([_A-Za-z][_A-Za-z0-9]*\)$/\1 \2 \2/p' | sed '/ __gnu_lto/d' \> conftest.nm
configure:6217: $? = 0
configure:6283: gcc -o conftest -g -O2   conftest.c conftstm.o >&5
configure:6286: $? = 0
configure:6324: result: ok
configure:6361: checking for sysroot
configure:6391: result: no
configure:6468: gcc -c -g -O2  conftest.c >&5
configure:6471: $? = 0
configure:6647: checking for mt
configure:6663: found /bin/mt
configure:6674: result: mt
configure:6697: checking if mt is a manifest tool
configure:6703: mt '-?'
configure:6711: result: no
configure:7353: checking how to run the C preprocessor
configure:7384: gcc -E  conftest.c
configure:7384: $? = 0
configure:7398: gcc -E  conftest.c
conftest.c:11:28: fatal error: ac_nonexistent.h: No such file or directory
compilation terminated.
configure:7398: $? = 1
configure: failed program was:
| /* confdefs.h */
| #define PACKAGE_NAME "XML-Security-C"
| #define PACKAGE_TARNAME "xml-security-c"
| #define PACKAGE_VERSION "1.7.2"
| #define PACKAGE_STRING "XML-Security-C 1.7.2"
| #define PACKAGE_BUGREPORT "dev@santuario.apache.org"
| #define PACKAGE_URL ""
| #define PACKAGE "xml-security-c"
| #define VERSION "1.7.2"
| /* end confdefs.h.  */
| #include <ac_nonexistent.h>
configure:7423: result: gcc -E
configure:7443: gcc -E  conftest.c
configure:7443: $? = 0
configure:7457: gcc -E  conftest.c
conftest.c:11:28: fatal error: ac_nonexistent.h: No such file or directory
compilation terminated.
configure:7457: $? = 1
configure: failed program was:
| /* confdefs.h */
| #define PACKAGE_NAME "XML-Security-C"
| #define PACKAGE_TARNAME "xml-security-c"
| #define PACKAGE_VERSION "1.7.2"
| #define PACKAGE_STRING "XML-Security-C 1.7.2"
| #define PACKAGE_BUGREPORT "dev@santuario.apache.org"
| #define PACKAGE_URL ""
| #define PACKAGE "xml-security-c"
| #define VERSION "1.7.2"
| /* end confdefs.h.  */
| #include <ac_nonexistent.h>
configure:7486: checking for ANSI C header files
configure:7506: gcc -c -g -O2  conftest.c >&5
configure:7506: $? = 0
configure:7579: gcc -o conftest -g -O2   conftest.c  >&5
configure:7579: $? = 0
configure:7579: ./conftest
configure:7579: $? = 0
configure:7590: result: yes
configure:7603: checking for sys/types.h
configure:7603: gcc -c -g -O2  conftest.c >&5
configure:7603: $? = 0
configure:7603: result: yes
configure:7603: checking for sys/stat.h
configure:7603: gcc -c -g -O2  conftest.c >&5
configure:7603: $? = 0
configure:7603: result: yes
configure:7603: checking for stdlib.h
configure:7603: gcc -c -g -O2  conftest.c >&5
configure:7603: $? = 0
configure:7603: result: yes
configure:7603: checking for string.h
configure:7603: gcc -c -g -O2  conftest.c >&5
configure:7603: $? = 0
configure:7603: result: yes
configure:7603: checking for memory.h
configure:7603: gcc -c -g -O2  conftest.c >&5
configure:7603: $? = 0
configure:7603: result: yes
configure:7603: checking for strings.h
configure:7603: gcc -c -g -O2  conftest.c >&5
configure:7603: $? = 0
configure:7603: result: yes
configure:7603: checking for inttypes.h
configure:7603: gcc -c -g -O2  conftest.c >&5
configure:7603: $? = 0
configure:7603: result: yes
configure:7603: checking for stdint.h
configure:7603: gcc -c -g -O2  conftest.c >&5
configure:7603: $? = 0
configure:7603: result: yes
configure:7603: checking for unistd.h
configure:7603: gcc -c -g -O2  conftest.c >&5
configure:7603: $? = 0
configure:7603: result: yes
configure:7617: checking for dlfcn.h
configure:7617: gcc -c -g -O2  conftest.c >&5
configure:7617: $? = 0
configure:7617: result: yes
configure:7823: checking for objdir
configure:7838: result: .libs
configure:8109: checking if gcc supports -fno-rtti -fno-exceptions
configure:8127: gcc -c -g -O2  -fno-rtti -fno-exceptions conftest.c >&5
cc1: warning: command line option '-fno-rtti' is valid for C++/ObjC++ but not for C
configure:8131: $? = 0
configure:8144: result: no
configure:8471: checking for gcc option to produce PIC
configure:8478: result: -fPIC -DPIC
configure:8486: checking if gcc PIC flag -fPIC -DPIC works
configure:8504: gcc -c -g -O2  -fPIC -DPIC -DPIC conftest.c >&5
configure:8508: $? = 0
configure:8521: result: yes
configure:8550: checking if gcc static flag -static works
configure:8578: result: yes
configure:8593: checking if gcc supports -c -o file.o
configure:8614: gcc -c -g -O2  -o out/conftest2.o conftest.c >&5
configure:8618: $? = 0
configure:8640: result: yes
configure:8648: checking if gcc supports -c -o file.o
configure:8695: result: yes
configure:8728: checking whether the gcc linker (/usr/bin/ld -m elf_x86_64) supports shared libraries
configure:9881: result: yes
configure:9918: checking whether -lc should be explicitly linked in
configure:9926: gcc -c -g -O2  conftest.c >&5
configure:9929: $? = 0
configure:9944: gcc -shared  -fPIC -DPIC conftest.o  -v -Wl,-soname -Wl,conftest -o conftest 2\>\&1 \| /bin/grep  -lc  \>/dev/null 2\>\&1
configure:9947: $? = 0
configure:9961: result: no
configure:10121: checking dynamic linker characteristics
configure:10632: gcc -o conftest -g -O2   -Wl,-rpath -Wl,/foo conftest.c  >&5
configure:10632: $? = 0
configure:10854: result: GNU/Linux ld.so
configure:10961: checking how to hardcode library paths into programs
configure:10986: result: immediate
configure:11526: checking whether stripping libraries is possible
configure:11531: result: yes
configure:11566: checking if libtool supports shared libraries
configure:11568: result: yes
configure:11571: checking whether to build shared libraries
configure:11592: result: yes
configure:11595: checking whether to build static libraries
configure:11599: result: yes
configure:11776: checking for C compiler version
configure:11785: gcc --version >&5
gcc (Ubuntu 5.4.0-6ubuntu1~16.04.2) 5.4.0 20160609
Copyright (C) 2015 Free Software Foundation, Inc.
This is free software; see the source for copying conditions.  There is NO
warranty; not even for MERCHANTABILITY or FITNESS FOR A PARTICULAR PURPOSE.

configure:11796: $? = 0
configure:11785: gcc -v >&5
Using built-in specs.
COLLECT_GCC=gcc
COLLECT_LTO_WRAPPER=/usr/lib/gcc/x86_64-linux-gnu/5/lto-wrapper
Target: x86_64-linux-gnu
Configured with: ../src/configure -v --with-pkgversion='Ubuntu 5.4.0-6ubuntu1~16.04.2' --with-bugurl=file:///usr/share/doc/gcc-5/README.Bugs --enable-languages=c,ada,c++,java,go,d,fortran,objc,obj-c++ --prefix=/usr --program-suffix=-5 --enable-shared --enable-linker-build-id --libexecdir=/usr/lib --without-included-gettext --enable-threads=posix --libdir=/usr/lib --enable-nls --with-sysroot=/ --enable-clocale=gnu --enable-libstdcxx-debug --enable-libstdcxx-time=yes --with-default-libstdcxx-abi=new --enable-gnu-unique-object --disable-vtable-verify --enable-libmpx --enable-plugin --with-system-zlib --disable-browser-plugin --enable-java-awt=gtk --enable-gtk-cairo --with-java-home=/usr/lib/jvm/java-1.5.0-gcj-5-amd64/jre --enable-java-home --with-jvm-root-dir=/usr/lib/jvm/java-1.5.0-gcj-5-amd64 --with-jvm-jar-dir=/usr/lib/jvm-exports/java-1.5.0-gcj-5-amd64 --with-arch-directory=amd64 --with-ecj-jar=/usr/share/java/eclipse-ecj.jar --enable-objc-gc --enable-multiarch --disable-werror --with-arch-32=i686 --with-abi=m64 --with-multilib-list=m32,m64,mx32 --enable-multilib --with-tune=generic --enable-checking=release --build=x86_64-linux-gnu --host=x86_64-linux-gnu --target=x86_64-linux-gnu
Thread model: posix
gcc version 5.4.0 20160609 (Ubuntu 5.4.0-6ubuntu1~16.04.2) 
configure:11796: $? = 0
configure:11785: gcc -V >&5
gcc: error: unrecognized command line option '-V'
gcc: fatal error: no input files
compilation terminated.
configure:11796: $? = 1
configure:11785: gcc -qversion >&5
gcc: error: unrecognized command line option '-qversion'
gcc: fatal error: no input files
compilation terminated.
configure:11796: $? = 1
configure:11800: checking whether we are using the GNU C compiler
configure:11828: result: yes
configure:11837: checking whether gcc accepts -g
configure:11898: result: yes
configure:11915: checking for gcc option to accept ISO C89
configure:11991: result: none needed
configure:12013: checking dependency style of gcc
configure:12124: result: gcc3
configure:12197: checking for g++
configure:12213: found /usr/bin/g++
configure:12224: result: g++
configure:12251: checking for C++ compiler version
configure:12260: g++ --version >&5
g++ (Ubuntu 5.4.0-6ubuntu1~16.04.2) 5.4.0 20160609
Copyright (C) 2015 Free Software Foundation, Inc.
This is free software; see the source for copying conditions.  There is NO
warranty; not even for MERCHANTABILITY or FITNESS FOR A PARTICULAR PURPOSE.

configure:12271: $? = 0
configure:12260: g++ -v >&5
Using built-in specs.
COLLECT_GCC=g++
COLLECT_LTO_WRAPPER=/usr/lib/gcc/x86_64-linux-gnu/5/lto-wrapper
Target: x86_64-linux-gnu
Configured with: ../src/configure -v --with-pkgversion='Ubuntu 5.4.0-6ubuntu1~16.04.2' --with-bugurl=file:///usr/share/doc/gcc-5/README.Bugs --enable-languages=c,ada,c++,java,go,d,fortran,objc,obj-c++ --prefix=/usr --program-suffix=-5 --enable-shared --enable-linker-build-id --libexecdir=/usr/lib --without-included-gettext --enable-threads=posix --libdir=/usr/lib --enable-nls --with-sysroot=/ --enable-clocale=gnu --enable-libstdcxx-debug --enable-libstdcxx-time=yes --with-default-libstdcxx-abi=new --enable-gnu-unique-object --disable-vtable-verify --enable-libmpx --enable-plugin --with-system-zlib --disable-browser-plugin --enable-java-awt=gtk --enable-gtk-cairo --with-java-home=/usr/lib/jvm/java-1.5.0-gcj-5-amd64/jre --enable-java-home --with-jvm-root-dir=/usr/lib/jvm/java-1.5.0-gcj-5-amd64 --with-jvm-jar-dir=/usr/lib/jvm-exports/java-1.5.0-gcj-5-amd64 --with-arch-directory=amd64 --with-ecj-jar=/usr/share/java/eclipse-ecj.jar --enable-objc-gc --enable-multiarch --disable-werror --with-arch-32=i686 --with-abi=m64 --with-multilib-list=m32,m64,mx32 --enable-multilib --with-tune=generic --enable-checking=release --build=x86_64-linux-gnu --host=x86_64-linux-gnu --target=x86_64-linux-gnu
Thread model: posix
gcc version 5.4.0 20160609 (Ubuntu 5.4.0-6ubuntu1~16.04.2) 
configure:12271: $? = 0
configure:12260: g++ -V >&5
g++: error: unrecognized command line option '-V'
g++: fatal error: no input files
compilation terminated.
configure:12271: $? = 1
configure:12260: g++ -qversion >&5
g++: error: unrecognized command line option '-qversion'
g++: fatal error: no input files
compilation terminated.
configure:12271: $? = 1
configure:12275: checking whether we are using the GNU C++ compiler
configure:12294: g++ -c   conftest.cpp >&5
configure:12294: $? = 0
configure:12303: result: yes
configure:12312: checking whether g++ accepts -g
configure:12332: g++ -c -g  conftest.cpp >&5
configure:12332: $? = 0
configure:12373: result: yes
configure:12398: checking dependency style of g++
configure:12509: result: gcc3
configure:12542: checking how to run the C++ preprocessor
configure:12569: g++ -E  conftest.cpp
configure:12569: $? = 0
configure:12583: g++ -E  conftest.cpp
conftest.cpp:23:28: fatal error: ac_nonexistent.h: No such file or directory
compilation terminated.
configure:12583: $? = 1
configure: failed program was:
| /* confdefs.h */
| #define PACKAGE_NAME "XML-Security-C"
| #define PACKAGE_TARNAME "xml-security-c"
| #define PACKAGE_VERSION "1.7.2"
| #define PACKAGE_STRING "XML-Security-C 1.7.2"
| #define PACKAGE_BUGREPORT "dev@santuario.apache.org"
| #define PACKAGE_URL ""
| #define PACKAGE "xml-security-c"
| #define VERSION "1.7.2"
| #define STDC_HEADERS 1
| #define HAVE_SYS_TYPES_H 1
| #define HAVE_SYS_STAT_H 1
| #define HAVE_STDLIB_H 1
| #define HAVE_STRING_H 1
| #define HAVE_MEMORY_H 1
| #define HAVE_STRINGS_H 1
| #define HAVE_INTTYPES_H 1
| #define HAVE_STDINT_H 1
| #define HAVE_UNISTD_H 1
| #define HAVE_DLFCN_H 1
| #define LT_OBJDIR ".libs/"
| /* end confdefs.h.  */
| #include <ac_nonexistent.h>
configure:12608: result: g++ -E
configure:12628: g++ -E  conftest.cpp
configure:12628: $? = 0
configure:12642: g++ -E  conftest.cpp
conftest.cpp:23:28: fatal error: ac_nonexistent.h: No such file or directory
compilation terminated.
configure:12642: $? = 1
configure: failed program was:
| /* confdefs.h */
| #define PACKAGE_NAME "XML-Security-C"
| #define PACKAGE_TARNAME "xml-security-c"
| #define PACKAGE_VERSION "1.7.2"
| #define PACKAGE_STRING "XML-Security-C 1.7.2"
| #define PACKAGE_BUGREPORT "dev@santuario.apache.org"
| #define PACKAGE_URL ""
| #define PACKAGE "xml-security-c"
| #define VERSION "1.7.2"
| #define STDC_HEADERS 1
| #define HAVE_SYS_TYPES_H 1
| #define HAVE_SYS_STAT_H 1
| #define HAVE_STDLIB_H 1
| #define HAVE_STRING_H 1
| #define HAVE_MEMORY_H 1
| #define HAVE_STRINGS_H 1
| #define HAVE_INTTYPES_H 1
| #define HAVE_STDINT_H 1
| #define HAVE_UNISTD_H 1
| #define HAVE_DLFCN_H 1
| #define LT_OBJDIR ".libs/"
| /* end confdefs.h.  */
| #include <ac_nonexistent.h>
configure:12811: checking for ld used by g++
configure:12878: result: /usr/bin/ld -m elf_x86_64
configure:12885: checking if the linker (/usr/bin/ld -m elf_x86_64) is GNU ld
configure:12900: result: yes
configure:12955: checking whether the g++ linker (/usr/bin/ld -m elf_x86_64) supports shared libraries
configure:13960: result: yes
configure:13996: g++ -c -g -O2  conftest.cpp >&5
configure:13999: $? = 0
configure:14519: checking for g++ option to produce PIC
configure:14526: result: -fPIC -DPIC
configure:14534: checking if g++ PIC flag -fPIC -DPIC works
configure:14552: g++ -c -g -O2  -fPIC -DPIC -DPIC conftest.cpp >&5
configure:14556: $? = 0
configure:14569: result: yes
configure:14592: checking if g++ static flag -static works
configure:14620: result: yes
configure:14632: checking if g++ supports -c -o file.o
configure:14653: g++ -c -g -O2  -o out/conftest2.o conftest.cpp >&5
configure:14657: $? = 0
configure:14679: result: yes
configure:14684: checking if g++ supports -c -o file.o
configure:14731: result: yes
configure:14761: checking whether the g++ linker (/usr/bin/ld -m elf_x86_64) supports shared libraries
configure:14797: result: yes
configure:14938: checking dynamic linker characteristics
configure:15605: result: GNU/Linux ld.so
configure:15658: checking how to hardcode library paths into programs
configure:15683: result: immediate
configure:15724: checking whether ln -s works
configure:15728: result: yes
configure:15739: checking for gawk
configure:15766: result: mawk
configure:15779: checking for autoconf
configure:15807: result: ${SHELL} /media/luiz_lemos/Data/projs/CartaoCidadao/_src/eidmw/xml-security-c-1.7.2/build-aux/missing --run autoconf
configure:15990: checking for the pthreads library -lpthreads
configure:16028: gcc -o conftest -Wall -g -O2 -O2 -DNDEBUG    conftest.c -lpthreads  >&5
/usr/bin/ld: cannot find -lpthreads
collect2: error: ld returned 1 exit status
configure:16028: $? = 1
configure: failed program was:
| /* confdefs.h */
| #define PACKAGE_NAME "XML-Security-C"
| #define PACKAGE_TARNAME "xml-security-c"
| #define PACKAGE_VERSION "1.7.2"
| #define PACKAGE_STRING "XML-Security-C 1.7.2"
| #define PACKAGE_BUGREPORT "dev@santuario.apache.org"
| #define PACKAGE_URL ""
| #define PACKAGE "xml-security-c"
| #define VERSION "1.7.2"
| #define STDC_HEADERS 1
| #define HAVE_SYS_TYPES_H 1
| #define HAVE_SYS_STAT_H 1
| #define HAVE_STDLIB_H 1
| #define HAVE_STRING_H 1
| #define HAVE_MEMORY_H 1
| #define HAVE_STRINGS_H 1
| #define HAVE_INTTYPES_H 1
| #define HAVE_STDINT_H 1
| #define HAVE_UNISTD_H 1
| #define HAVE_DLFCN_H 1
| #define LT_OBJDIR ".libs/"
| /* end confdefs.h.  */
| #include <pthread.h>
|                         static void routine(void *a) { a = 0; }
|                         static void *start_routine(void *a) { return a; }
| int
| main ()
| {
| pthread_t th; pthread_attr_t attr;
|                         pthread_create(&th, 0, start_routine, 0);
|                         pthread_join(th, 0);
|                         pthread_attr_init(&attr);
|                         pthread_cleanup_push(routine, 0);
|                         pthread_cleanup_pop(0) /* ; */
|   ;
|   return 0;
| }
configure:16037: result: no
configure:15935: checking whether pthreads work without any flags
configure:16028: gcc -o conftest -Wall -g -O2 -O2 -DNDEBUG    conftest.c   >&5
/tmp/ccq8u7qr.o: In function `main':
/media/luiz_lemos/Data/projs/CartaoCidadao/_src/eidmw/xml-security-c-1.7.2/conftest.c:30: undefined reference to `pthread_create'
/media/luiz_lemos/Data/projs/CartaoCidadao/_src/eidmw/xml-security-c-1.7.2/conftest.c:31: undefined reference to `pthread_join'
/media/luiz_lemos/Data/projs/CartaoCidadao/_src/eidmw/xml-security-c-1.7.2/conftest.c:33: undefined reference to `__pthread_register_cancel'
/media/luiz_lemos/Data/projs/CartaoCidadao/_src/eidmw/xml-security-c-1.7.2/conftest.c:34: undefined reference to `__pthread_unregister_cancel'
collect2: error: ld returned 1 exit status
configure:16028: $? = 1
configure: failed program was:
| /* confdefs.h */
| #define PACKAGE_NAME "XML-Security-C"
| #define PACKAGE_TARNAME "xml-security-c"
| #define PACKAGE_VERSION "1.7.2"
| #define PACKAGE_STRING "XML-Security-C 1.7.2"
| #define PACKAGE_BUGREPORT "dev@santuario.apache.org"
| #define PACKAGE_URL ""
| #define PACKAGE "xml-security-c"
| #define VERSION "1.7.2"
| #define STDC_HEADERS 1
| #define HAVE_SYS_TYPES_H 1
| #define HAVE_SYS_STAT_H 1
| #define HAVE_STDLIB_H 1
| #define HAVE_STRING_H 1
| #define HAVE_MEMORY_H 1
| #define HAVE_STRINGS_H 1
| #define HAVE_INTTYPES_H 1
| #define HAVE_STDINT_H 1
| #define HAVE_UNISTD_H 1
| #define HAVE_DLFCN_H 1
| #define LT_OBJDIR ".libs/"
| /* end confdefs.h.  */
| #include <pthread.h>
|                         static void routine(void *a) { a = 0; }
|                         static void *start_routine(void *a) { return a; }
| int
| main ()
| {
| pthread_t th; pthread_attr_t attr;
|                         pthread_create(&th, 0, start_routine, 0);
|                         pthread_join(th, 0);
|                         pthread_attr_init(&attr);
|                         pthread_cleanup_push(routine, 0);
|                         pthread_cleanup_pop(0) /* ; */
|   ;
|   return 0;
| }
configure:16037: result: no
configure:15940: checking whether pthreads work with -Kthread
configure:16028: gcc -o conftest -Wall -g -O2 -O2 -DNDEBUG -Kthread   conftest.c   >&5
gcc: error: unrecognized command line option '-Kthread'
configure:16028: $? = 1
configure: failed program was:
| /* confdefs.h */
| #define PACKAGE_NAME "XML-Security-C"
| #define PACKAGE_TARNAME "xml-security-c"
| #define PACKAGE_VERSION "1.7.2"
| #define PACKAGE_STRING "XML-Security-C 1.7.2"
| #define PACKAGE_BUGREPORT "dev@santuario.apache.org"
| #define PACKAGE_URL ""
| #define PACKAGE "xml-security-c"
| #define VERSION "1.7.2"
| #define STDC_HEADERS 1
| #define HAVE_SYS_TYPES_H 1
| #define HAVE_SYS_STAT_H 1
| #define HAVE_STDLIB_H 1
| #define HAVE_STRING_H 1
| #define HAVE_MEMORY_H 1
| #define HAVE_STRINGS_H 1
| #define HAVE_INTTYPES_H 1
| #define HAVE_STDINT_H 1
| #define HAVE_UNISTD_H 1
| #define HAVE_DLFCN_H 1
| #define LT_OBJDIR ".libs/"
| /* end confdefs.h.  */
| #include <pthread.h>
|                         static void routine(void *a) { a = 0; }
|                         static void *start_routine(void *a) { return a; }
| int
| main ()
| {
| pthread_t th; pthread_attr_t attr;
|                         pthread_create(&th, 0, start_routine, 0);
|                         pthread_join(th, 0);
|                         pthread_attr_init(&attr);
|                         pthread_cleanup_push(routine, 0);
|                         pthread_cleanup_pop(0) /* ; */
|   ;
|   return 0;
| }
configure:16037: result: no
configure:15940: checking whether pthreads work with -kthread
configure:16028: gcc -o conftest -Wall -g -O2 -O2 -DNDEBUG -kthread   conftest.c   >&5
gcc: error: unrecognized command line option '-kthread'
configure:16028: $? = 1
configure: failed program was:
| /* confdefs.h */
| #define PACKAGE_NAME "XML-Security-C"
| #define PACKAGE_TARNAME "xml-security-c"
| #define PACKAGE_VERSION "1.7.2"
| #define PACKAGE_STRING "XML-Security-C 1.7.2"
| #define PACKAGE_BUGREPORT "dev@santuario.apache.org"
| #define PACKAGE_URL ""
| #define PACKAGE "xml-security-c"
| #define VERSION "1.7.2"
| #define STDC_HEADERS 1
| #define HAVE_SYS_TYPES_H 1
| #define HAVE_SYS_STAT_H 1
| #define HAVE_STDLIB_H 1
| #define HAVE_STRING_H 1
| #define HAVE_MEMORY_H 1
| #define HAVE_STRINGS_H 1
| #define HAVE_INTTYPES_H 1
| #define HAVE_STDINT_H 1
| #define HAVE_UNISTD_H 1
| #define HAVE_DLFCN_H 1
| #define LT_OBJDIR ".libs/"
| /* end confdefs.h.  */
| #include <pthread.h>
|                         static void routine(void *a) { a = 0; }
|                         static void *start_routine(void *a) { return a; }
| int
| main ()
| {
| pthread_t th; pthread_attr_t attr;
|                         pthread_create(&th, 0, start_routine, 0);
|                         pthread_join(th, 0);
|                         pthread_attr_init(&attr);
|                         pthread_cleanup_push(routine, 0);
|                         pthread_cleanup_pop(0) /* ; */
|   ;
|   return 0;
| }
configure:16037: result: no
configure:15990: checking for the pthreads library -llthread
configure:16028: gcc -o conftest -Wall -g -O2 -O2 -DNDEBUG    conftest.c -llthread  >&5
/usr/bin/ld: cannot find -llthread
collect2: error: ld returned 1 exit status
configure:16028: $? = 1
configure: failed program was:
| /* confdefs.h */
| #define PACKAGE_NAME "XML-Security-C"
| #define PACKAGE_TARNAME "xml-security-c"
| #define PACKAGE_VERSION "1.7.2"
| #define PACKAGE_STRING "XML-Security-C 1.7.2"
| #define PACKAGE_BUGREPORT "dev@santuario.apache.org"
| #define PACKAGE_URL ""
| #define PACKAGE "xml-security-c"
| #define VERSION "1.7.2"
| #define STDC_HEADERS 1
| #define HAVE_SYS_TYPES_H 1
| #define HAVE_SYS_STAT_H 1
| #define HAVE_STDLIB_H 1
| #define HAVE_STRING_H 1
| #define HAVE_MEMORY_H 1
| #define HAVE_STRINGS_H 1
| #define HAVE_INTTYPES_H 1
| #define HAVE_STDINT_H 1
| #define HAVE_UNISTD_H 1
| #define HAVE_DLFCN_H 1
| #define LT_OBJDIR ".libs/"
| /* end confdefs.h.  */
| #include <pthread.h>
|                         static void routine(void *a) { a = 0; }
|                         static void *start_routine(void *a) { return a; }
| int
| main ()
| {
| pthread_t th; pthread_attr_t attr;
|                         pthread_create(&th, 0, start_routine, 0);
|                         pthread_join(th, 0);
|                         pthread_attr_init(&attr);
|                         pthread_cleanup_push(routine, 0);
|                         pthread_cleanup_pop(0) /* ; */
|   ;
|   return 0;
| }
configure:16037: result: no
configure:15940: checking whether pthreads work with -pthread
configure:16028: gcc -o conftest -Wall -g -O2 -O2 -DNDEBUG -pthread   conftest.c   >&5
configure:16028: $? = 0
configure:16037: result: yes
configure:16056: checking for joinable pthread attribute
configure:16071: gcc -o conftest -Wall -g -O2 -O2 -DNDEBUG -pthread   conftest.c   >&5
configure:16071: $? = 0
configure:16077: result: PTHREAD_CREATE_JOINABLE
configure:16087: checking if more special flags are required for pthreads
configure:16101: result: no
configure:16107: checking for PTHREAD_PRIO_INHERIT
configure:16125: gcc -o conftest -Wall -g -O2 -O2 -DNDEBUG -pthread   conftest.c   >&5
conftest.c: In function 'main':
conftest.c:28:5: warning: unused variable 'i' [-Wunused-variable]
 int i = PTHREAD_PRIO_INHERIT;
     ^
configure:16125: $? = 0
configure:16134: result: yes
configure:16224: checking for floor in -lm
configure:16249: gcc -o conftest -Wall -g -O2 -O2 -DNDEBUG -pthread   conftest.c -lm    >&5
conftest.c:32:6: warning: conflicting types for built-in function 'floor'
 char floor ();
      ^
configure:16249: $? = 0
configure:16258: result: yes
configure:16269: checking for getservent in -lsocket
configure:16294: gcc -o conftest -Wall -g -O2 -O2 -DNDEBUG -pthread   conftest.c -lsocket  -lm   >&5
/usr/bin/ld: cannot find -lsocket
collect2: error: ld returned 1 exit status
configure:16294: $? = 1
configure: failed program was:
| /* confdefs.h */
| #define PACKAGE_NAME "XML-Security-C"
| #define PACKAGE_TARNAME "xml-security-c"
| #define PACKAGE_VERSION "1.7.2"
| #define PACKAGE_STRING "XML-Security-C 1.7.2"
| #define PACKAGE_BUGREPORT "dev@santuario.apache.org"
| #define PACKAGE_URL ""
| #define PACKAGE "xml-security-c"
| #define VERSION "1.7.2"
| #define STDC_HEADERS 1
| #define HAVE_SYS_TYPES_H 1
| #define HAVE_SYS_STAT_H 1
| #define HAVE_STDLIB_H 1
| #define HAVE_STRING_H 1
| #define HAVE_MEMORY_H 1
| #define HAVE_STRINGS_H 1
| #define HAVE_INTTYPES_H 1
| #define HAVE_STDINT_H 1
| #define HAVE_UNISTD_H 1
| #define HAVE_DLFCN_H 1
| #define LT_OBJDIR ".libs/"
| #define HAVE_PTHREAD_PRIO_INHERIT 1
| #define HAVE_PTHREAD 1
| #define HAVE_LIBM 1
| /* end confdefs.h.  */
| 
| /* Override any GCC internal prototype to avoid an error.
|    Use char because int might match the return type of a GCC
|    builtin and then its argument prototype would still apply.  */
| #ifdef __cplusplus
| extern "C"
| #endif
| char getservent ();
| int
| main ()
| {
| return getservent ();
|   ;
|   return 0;
| }
configure:16303: result: no
configure:16319: checking for unistd.h
configure:16319: result: yes
configure:16319: checking direct.h usability
configure:16319: gcc -c -Wall -g -O2 -O2 -DNDEBUG -pthread  conftest.c >&5
conftest.c:60:20: fatal error: direct.h: No such file or directory
compilation terminated.
configure:16319: $? = 1
configure: failed program was:
| /* confdefs.h */
| #define PACKAGE_NAME "XML-Security-C"
| #define PACKAGE_TARNAME "xml-security-c"
| #define PACKAGE_VERSION "1.7.2"
| #define PACKAGE_STRING "XML-Security-C 1.7.2"
| #define PACKAGE_BUGREPORT "dev@santuario.apache.org"
| #define PACKAGE_URL ""
| #define PACKAGE "xml-security-c"
| #define VERSION "1.7.2"
| #define STDC_HEADERS 1
| #define HAVE_SYS_TYPES_H 1
| #define HAVE_SYS_STAT_H 1
| #define HAVE_STDLIB_H 1
| #define HAVE_STRING_H 1
| #define HAVE_MEMORY_H 1
| #define HAVE_STRINGS_H 1
| #define HAVE_INTTYPES_H 1
| #define HAVE_STDINT_H 1
| #define HAVE_UNISTD_H 1
| #define HAVE_DLFCN_H 1
| #define LT_OBJDIR ".libs/"
| #define HAVE_PTHREAD_PRIO_INHERIT 1
| #define HAVE_PTHREAD 1
| #define HAVE_LIBM 1
| #define HAVE_UNISTD_H 1
| /* end confdefs.h.  */
| #include <stdio.h>
| #ifdef HAVE_SYS_TYPES_H
| # include <sys/types.h>
| #endif
| #ifdef HAVE_SYS_STAT_H
| # include <sys/stat.h>
| #endif
| #ifdef STDC_HEADERS
| # include <stdlib.h>
| # include <stddef.h>
| #else
| # ifdef HAVE_STDLIB_H
| #  include <stdlib.h>
| # endif
| #endif
| #ifdef HAVE_STRING_H
| # if !defined STDC_HEADERS && defined HAVE_MEMORY_H
| #  include <memory.h>
| # endif
| # include <string.h>
| #endif
| #ifdef HAVE_STRINGS_H
| # include <strings.h>
| #endif
| #ifdef HAVE_INTTYPES_H
| # include <inttypes.h>
| #endif
| #ifdef HAVE_STDINT_H
| # include <stdint.h>
| #endif
| #ifdef HAVE_UNISTD_H
| # include <unistd.h>
| #endif
| #include <direct.h>
configure:16319: result: no
configure:16319: checking direct.h presence
configure:16319: gcc -E  conftest.c
conftest.c:27:20: fatal error: direct.h: No such file or directory
compilation terminated.
configure:16319: $? = 1
configure: failed program was:
| /* confdefs.h */
| #define PACKAGE_NAME "XML-Security-C"
| #define PACKAGE_TARNAME "xml-security-c"
| #define PACKAGE_VERSION "1.7.2"
| #define PACKAGE_STRING "XML-Security-C 1.7.2"
| #define PACKAGE_BUGREPORT "dev@santuario.apache.org"
| #define PACKAGE_URL ""
| #define PACKAGE "xml-security-c"
| #define VERSION "1.7.2"
| #define STDC_HEADERS 1
| #define HAVE_SYS_TYPES_H 1
| #define HAVE_SYS_STAT_H 1
| #define HAVE_STDLIB_H 1
| #define HAVE_STRING_H 1
| #define HAVE_MEMORY_H 1
| #define HAVE_STRINGS_H 1
| #define HAVE_INTTYPES_H 1
| #define HAVE_STDINT_H 1
| #define HAVE_UNISTD_H 1
| #define HAVE_DLFCN_H 1
| #define LT_OBJDIR ".libs/"
| #define HAVE_PTHREAD_PRIO_INHERIT 1
| #define HAVE_PTHREAD 1
| #define HAVE_LIBM 1
| #define HAVE_UNISTD_H 1
| /* end confdefs.h.  */
| #include <direct.h>
configure:16319: result: no
configure:16319: checking for direct.h
configure:16319: result: no
configure:16330: checking whether strcasecmp is declared
configure:16330: gcc -c -Wall -g -O2 -O2 -DNDEBUG -pthread  conftest.c >&5
configure:16330: $? = 0
configure:16330: result: yes
configure:16360: checking xercesc/dom/DOM.hpp usability
configure:16360: g++ -c -Wall  -O2 -DNDEBUG -pthread  conftest.cpp >&5
configure:16360: $? = 0
configure:16360: result: yes
configure:16360: checking xercesc/dom/DOM.hpp presence
configure:16360: g++ -E  conftest.cpp
configure:16360: $? = 0
configure:16360: result: yes
configure:16360: checking for xercesc/dom/DOM.hpp
configure:16360: result: yes
configure:16368: checking Xerces version
configure:16385: g++ -E  conftest.cpp
configure:16385: $? = 0
configure:16386: result: OK
configure:16406: g++ -o conftest -Wall  -O2 -DNDEBUG -pthread   conftest.cpp -lxerces-c -lm   >&5
configure:16406: $? = 0
configure:16438: checking whether Xerces is 64-bit clean
configure:16453: g++ -c -Wall  -O2 -DNDEBUG -pthread -DXSEC_LIBRARY_BUILD  conftest.cpp >&5
conftest.cpp: In function 'int main()':
conftest.cpp:33:18: warning: unused variable 'testvar' [-Wunused-variable]
       XMLFilePos testvar;
                  ^
configure:16453: $? = 0
configure:16454: result: yes
configure:16465: checking whether Xerces BinInputStream requires getContentType
configure:16482: g++ -c -Wall  -O2 -DNDEBUG -pthread -DXSEC_LIBRARY_BUILD  conftest.cpp >&5
configure:16482: $? = 0
configure:16483: result: yes
configure:16494: checking whether Xerces XMLFormatter requires a version
configure:16518: g++ -c -Wall  -O2 -DNDEBUG -pthread -DXSEC_LIBRARY_BUILD  conftest.cpp >&5
configure:16518: $? = 0
configure:16519: result: yes
configure:16533: checking whether Xerces XMLString has ::release
configure:16549: g++ -c -Wall  -O2 -DNDEBUG -pthread -DXSEC_LIBRARY_BUILD  conftest.cpp >&5
configure:16549: $? = 0
configure:16550: result: yes
configure:16561: checking whether Xerces XMLElement has ::setIdAttribute(XMLCh*)
configure:16577: g++ -c -Wall  -O2 -DNDEBUG -pthread -DXSEC_LIBRARY_BUILD  conftest.cpp >&5
conftest.cpp: In function 'int main()':
conftest.cpp:39:27: error: no matching function for call to 'xercesc_3_1::DOMElement::setIdAttribute(NULL)'
   elt->setIdAttribute(NULL);
                           ^
In file included from /usr/include/xercesc/dom/DOM.hpp:37:0,
                 from conftest.cpp:33:
/usr/include/xercesc/dom/DOMElement.hpp:414:18: note: candidate: virtual void xercesc_3_1::DOMElement::setIdAttribute(const XMLCh*, bool)
     virtual void setIdAttribute(const XMLCh* name, bool isId) = 0;
                  ^
/usr/include/xercesc/dom/DOMElement.hpp:414:18: note:   candidate expects 2 arguments, 1 provided
configure:16577: $? = 1
configure: failed program was:
| /* confdefs.h */
| #define PACKAGE_NAME "XML-Security-C"
| #define PACKAGE_TARNAME "xml-security-c"
| #define PACKAGE_VERSION "1.7.2"
| #define PACKAGE_STRING "XML-Security-C 1.7.2"
| #define PACKAGE_BUGREPORT "dev@santuario.apache.org"
| #define PACKAGE_URL ""
| #define PACKAGE "xml-security-c"
| #define VERSION "1.7.2"
| #define STDC_HEADERS 1
| #define HAVE_SYS_TYPES_H 1
| #define HAVE_SYS_STAT_H 1
| #define HAVE_STDLIB_H 1
| #define HAVE_STRING_H 1
| #define HAVE_MEMORY_H 1
| #define HAVE_STRINGS_H 1
| #define HAVE_INTTYPES_H 1
| #define HAVE_STDINT_H 1
| #define HAVE_UNISTD_H 1
| #define HAVE_DLFCN_H 1
| #define LT_OBJDIR ".libs/"
| #define HAVE_PTHREAD_PRIO_INHERIT 1
| #define HAVE_PTHREAD 1
| #define HAVE_LIBM 1
| #define HAVE_UNISTD_H 1
| #define XSEC_HAVE_STRCASECMP 1
| #define XSEC_XERCES_64BITSAFE 1
| #define XSEC_XERCES_INPUTSTREAM_HAS_CONTENTTYPE 1
| #define XSEC_XERCES_REQUIRES_MEMMGR 1
| #define XSEC_XERCES_FORMATTER_REQUIRES_VERSION 1
| #define XSEC_XERCES_XMLSTRING_HAS_RELEASE 1
| /* end confdefs.h.  */
| #include <xercesc/dom/DOM.hpp>
| int
| main ()
| {
| using namespace XERCES_CPP_NAMESPACE;
| 		DOMElement * elt;
| 		elt->setIdAttribute(NULL);
| 
|   ;
|   return 0;
| }
configure:16585: result: no
configure:16591: checking whether Xerces XMLElement has ::setIdAttribute(XMLCh*, bool)
configure:16607: g++ -c -Wall  -O2 -DNDEBUG -pthread -DXSEC_LIBRARY_BUILD  conftest.cpp >&5
conftest.cpp: In function 'int main()':
conftest.cpp:39:36: warning: 'elt' is used uninitialized in this function [-Wuninitialized]
     elt->setIdAttribute(NULL, false);
                                    ^
configure:16607: $? = 0
configure:16608: result: yes
configure:16622: checking whether Xerces DOMImplementationLS has DOMLSSerializer
configure:16638: g++ -c -Wall  -O2 -DNDEBUG -pthread -DXSEC_LIBRARY_BUILD  conftest.cpp >&5
conftest.cpp: In function 'int main()':
conftest.cpp:40:26: warning: unused variable 'ls' [-Wunused-variable]
         DOMLSSerializer *ls = ((DOMImplementationLS*)impl)->createLSSerializer();
                          ^
configure:16638: $? = 0
configure:16639: result: yes
configure:16650: checking whether Xerces DOMEntity uses getInputEncoding()
configure:16666: g++ -c -Wall  -O2 -DNDEBUG -pthread -DXSEC_LIBRARY_BUILD  conftest.cpp >&5
conftest.cpp: In function 'int main()':
conftest.cpp:41:29: warning: 't' is used uninitialized in this function [-Wuninitialized]
         t->getInputEncoding();
                             ^
configure:16666: $? = 0
configure:16667: result: yes
configure:16714: checking for Xalan in system includes
configure:16720: g++ -E  conftest.cpp
conftest.cpp:36:43: fatal error: xalanc/Include/XalanVersion.hpp: No such file or directory
compilation terminated.
configure:16720: $? = 1
configure: failed program was:
| /* confdefs.h */
| #define PACKAGE_NAME "XML-Security-C"
| #define PACKAGE_TARNAME "xml-security-c"
| #define PACKAGE_VERSION "1.7.2"
| #define PACKAGE_STRING "XML-Security-C 1.7.2"
| #define PACKAGE_BUGREPORT "dev@santuario.apache.org"
| #define PACKAGE_URL ""
| #define PACKAGE "xml-security-c"
| #define VERSION "1.7.2"
| #define STDC_HEADERS 1
| #define HAVE_SYS_TYPES_H 1
| #define HAVE_SYS_STAT_H 1
| #define HAVE_STDLIB_H 1
| #define HAVE_STRING_H 1
| #define HAVE_MEMORY_H 1
| #define HAVE_STRINGS_H 1
| #define HAVE_INTTYPES_H 1
| #define HAVE_STDINT_H 1
| #define HAVE_UNISTD_H 1
| #define HAVE_DLFCN_H 1
| #define LT_OBJDIR ".libs/"
| #define HAVE_PTHREAD_PRIO_INHERIT 1
| #define HAVE_PTHREAD 1
| #define HAVE_LIBM 1
| #define HAVE_UNISTD_H 1
| #define XSEC_HAVE_STRCASECMP 1
| #define XSEC_XERCES_64BITSAFE 1
| #define XSEC_XERCES_INPUTSTREAM_HAS_CONTENTTYPE 1
| #define XSEC_XERCES_REQUIRES_MEMMGR 1
| #define XSEC_XERCES_FORMATTER_REQUIRES_VERSION 1
| #define XSEC_XERCES_XMLSTRING_HAS_RELEASE 1
| #define XSEC_XERCES_HAS_BOOLSETIDATTRIBUTE 1
| #define XSEC_XERCES_DOMLSSERIALIZER 1
| #define XSEC_XERCES_DOMENTITYINPUTENCODING 1
| /* end confdefs.h.  */
| #include <xalanc/Include/XalanVersion.hpp>
configure:16729: result: no - WARNING - configuring for no Xalan
configure:16998: checking for pkg-config
configure:17016: found /usr/bin/pkg-config
configure:17028: result: /usr/bin/pkg-config
configure:17054: checking for OpenSSL cflags
configure:17056: result: 
configure:17064: g++ -E   conftest.cpp
configure:17064: $? = 0
configure:17073: checking for OpenSSL libraries
configure:17075: result: -lssl -lcrypto
configure:17090: g++ -o conftest -Wall  -O2 -DNDEBUG -pthread -DXSEC_LIBRARY_BUILD    conftest.cpp -lxerces-c -lm   -lssl -lcrypto >&5
configure:17090: $? = 0
configure:17100: checking for const input buffers in OpenSSL
configure:17116: g++ -c -Wall  -O2 -DNDEBUG -pthread -DXSEC_LIBRARY_BUILD   conftest.cpp >&5
conftest.cpp: In function 'int main()':
conftest.cpp:45:64: warning: 'buf' is used uninitialized in this function [-Wuninitialized]
        RSA_private_decrypt(1,buf,outbuf,&rsa,RSA_PKCS1_PADDING);
                                                                ^
conftest.cpp:45:64: warning: 'outbuf' is used uninitialized in this function [-Wuninitialized]
configure:17116: $? = 0
configure:17117: result: yes
configure:17128: checking for non-broken AES support
configure:17142: g++ -o conftest -Wall  -O2 -DNDEBUG -pthread -DXSEC_LIBRARY_BUILD    conftest.cpp -lxerces-c -lm   -lssl -lcrypto >&5
configure:17142: $? = 0
configure:17143: result: yes
configure:17155: checking for GCM support
configure:17169: g++ -o conftest -Wall  -O2 -DNDEBUG -pthread -DXSEC_LIBRARY_BUILD    conftest.cpp -lxerces-c -lm   -lssl -lcrypto >&5
configure:17169: $? = 0
configure:17170: result: yes
configure:17182: checking whether PKCS1_MGF1 is declared
configure:17182: g++ -c -Wall  -O2 -DNDEBUG -pthread -DXSEC_LIBRARY_BUILD   conftest.cpp >&5
configure:17182: $? = 0
configure:17182: result: yes
configure:17191: checking whether EVP_PKEY_set1_EC_KEY is declared
configure:17191: g++ -c -Wall  -O2 -DNDEBUG -pthread -DXSEC_LIBRARY_BUILD   conftest.cpp >&5
configure:17191: $? = 0
configure:17191: result: yes
configure:17200: checking whether EVP_sha512 is declared
configure:17200: g++ -c -Wall  -O2 -DNDEBUG -pthread -DXSEC_LIBRARY_BUILD   conftest.cpp >&5
configure:17200: $? = 0
configure:17200: result: yes
configure:17209: checking whether EVP_CIPHER_CTX_set_padding is declared
configure:17209: g++ -c -Wall  -O2 -DNDEBUG -pthread -DXSEC_LIBRARY_BUILD   conftest.cpp >&5
configure:17209: $? = 0
configure:17209: result: yes
configure:17218: checking whether CRYPTO_cleanup_all_ex_data is declared
configure:17218: g++ -c -Wall  -O2 -DNDEBUG -pthread -DXSEC_LIBRARY_BUILD   conftest.cpp >&5
configure:17218: $? = 0
configure:17218: result: yes
configure:17227: checking for const input buffer in loadX509Base64Bin
configure:17240: g++ -c -Wall  -O2 -DNDEBUG -pthread -DXSEC_LIBRARY_BUILD   conftest.cpp >&5
configure:17240: $? = 0
configure:17241: result: yes
configure:17505: checking that generated files are newer than configure
configure:17511: result: done
configure:17550: creating ./config.status

## ---------------- ##
## Cache variables. ##
## ---------------- ##

ac_cv_build=x86_64-unknown-linux-gnu
ac_cv_c_compiler_gnu=yes
ac_cv_cxx_compiler_gnu=yes
ac_cv_env_CCC_set=
ac_cv_env_CCC_value=
ac_cv_env_CC_set=
ac_cv_env_CC_value=
ac_cv_env_CFLAGS_set=
ac_cv_env_CFLAGS_value=
ac_cv_env_CPPFLAGS_set=
ac_cv_env_CPPFLAGS_value=
ac_cv_env_CPP_set=
ac_cv_env_CPP_value=
ac_cv_env_CXXCPP_set=
ac_cv_env_CXXCPP_value=
ac_cv_env_CXXFLAGS_set=
ac_cv_env_CXXFLAGS_value=
ac_cv_env_CXX_set=
ac_cv_env_CXX_value=
ac_cv_env_LDFLAGS_set=
ac_cv_env_LDFLAGS_value=
ac_cv_env_LIBS_set=
ac_cv_env_LIBS_value=
ac_cv_env_build_alias_set=
ac_cv_env_build_alias_value=
ac_cv_env_host_alias_set=
ac_cv_env_host_alias_value=
ac_cv_env_target_alias_set=
ac_cv_env_target_alias_value=
ac_cv_have_decl_CRYPTO_cleanup_all_ex_data=yes
ac_cv_have_decl_EVP_CIPHER_CTX_set_padding=yes
ac_cv_have_decl_EVP_PKEY_set1_EC_KEY=yes
ac_cv_have_decl_EVP_sha512=yes
ac_cv_have_decl_PKCS1_MGF1=yes
ac_cv_have_decl_strcasecmp=yes
ac_cv_header_direct_h=no
ac_cv_header_dlfcn_h=yes
ac_cv_header_inttypes_h=yes
ac_cv_header_memory_h=yes
ac_cv_header_stdc=yes
ac_cv_header_stdint_h=yes
ac_cv_header_stdlib_h=yes
ac_cv_header_string_h=yes
ac_cv_header_strings_h=yes
ac_cv_header_sys_stat_h=yes
ac_cv_header_sys_types_h=yes
ac_cv_header_unistd_h=yes
ac_cv_header_xercesc_dom_DOM_hpp=yes
ac_cv_host=x86_64-unknown-linux-gnu
ac_cv_lib_m_floor=yes
ac_cv_lib_socket_getservent=no
ac_cv_objext=o
ac_cv_path_EGREP='/bin/grep -E'
ac_cv_path_FGREP='/bin/grep -F'
ac_cv_path_GREP=/bin/grep
ac_cv_path_PKG_CONFIG=/usr/bin/pkg-config
ac_cv_path_SED=/bin/sed
ac_cv_path_install='/usr/bin/install -c'
ac_cv_path_mkdir=/bin/mkdir
ac_cv_prog_AUTOCONF='${SHELL} /media/luiz_lemos/Data/projs/CartaoCidadao/_src/eidmw/xml-security-c-1.7.2/build-aux/missing --run autoconf'
ac_cv_prog_AWK=mawk
ac_cv_prog_CPP='gcc -E'
ac_cv_prog_CXXCPP='g++ -E'
ac_cv_prog_ac_ct_AR=ar
ac_cv_prog_ac_ct_CC=gcc
ac_cv_prog_ac_ct_CXX=g++
ac_cv_prog_ac_ct_MANIFEST_TOOL=mt
ac_cv_prog_ac_ct_OBJDUMP=objdump
ac_cv_prog_ac_ct_RANLIB=ranlib
ac_cv_prog_ac_ct_STRIP=strip
ac_cv_prog_cc_c89=
ac_cv_prog_cc_g=yes
ac_cv_prog_cxx_g=yes
ac_cv_prog_make_make_set=yes
am_cv_CC_dependencies_compiler_type=gcc3
am_cv_CXX_dependencies_compiler_type=gcc3
ax_cv_PTHREAD_PRIO_INHERIT=yes
lt_cv_ar_at_file=@
lt_cv_archive_cmds_need_lc=no
lt_cv_deplibs_check_method=pass_all
lt_cv_file_magic_cmd='$MAGIC_CMD'
lt_cv_file_magic_test_file=
lt_cv_ld_reload_flag=-r
lt_cv_nm_interface='BSD nm'
lt_cv_objdir=.libs
lt_cv_path_LD=/usr/bin/ld
lt_cv_path_LDCXX='/usr/bin/ld -m elf_x86_64'
lt_cv_path_NM='/usr/bin/nm -B'
lt_cv_path_mainfest_tool=no
lt_cv_prog_compiler_c_o=yes
lt_cv_prog_compiler_c_o_CXX=yes
lt_cv_prog_compiler_pic='-fPIC -DPIC'
lt_cv_prog_compiler_pic_CXX='-fPIC -DPIC'
lt_cv_prog_compiler_pic_works=yes
lt_cv_prog_compiler_pic_works_CXX=yes
lt_cv_prog_compiler_rtti_exceptions=no
lt_cv_prog_compiler_static_works=yes
lt_cv_prog_compiler_static_works_CXX=yes
lt_cv_prog_gnu_ld=yes
lt_cv_prog_gnu_ldcxx=yes
lt_cv_sharedlib_from_linklib_cmd='printf %s\n'
lt_cv_shlibpath_overrides_runpath=no
lt_cv_sys_global_symbol_pipe='sed -n -e '\''s/^.*[	 ]\([ABCDGIRSTW][ABCDGIRSTW]*\)[	 ][	 ]*\([_A-Za-z][_A-Za-z0-9]*\)$/\1 \2 \2/p'\'' | sed '\''/ __gnu_lto/d'\'''
lt_cv_sys_global_symbol_to_c_name_address='sed -n -e '\''s/^: \([^ ]*\)[ ]*$/  {\"\1\", (void *) 0},/p'\'' -e '\''s/^[ABCDGIRSTW]* \([^ ]*\) \([^ ]*\)$/  {"\2", (void *) \&\2},/p'\'''
lt_cv_sys_global_symbol_to_c_name_address_lib_prefix='sed -n -e '\''s/^: \([^ ]*\)[ ]*$/  {\"\1\", (void *) 0},/p'\'' -e '\''s/^[ABCDGIRSTW]* \([^ ]*\) \(lib[^ ]*\)$/  {"\2", (void *) \&\2},/p'\'' -e '\''s/^[ABCDGIRSTW]* \([^ ]*\) \([^ ]*\)$/  {"lib\2", (void *) \&\2},/p'\'''
lt_cv_sys_global_symbol_to_cdecl='sed -n -e '\''s/^T .* \(.*\)$/extern int \1();/p'\'' -e '\''s/^[ABCDGIRSTW]* .* \(.*\)$/extern char \1;/p'\'''
lt_cv_sys_max_cmd_len=3458764513820540925
lt_cv_to_host_file_cmd=func_convert_file_noop
lt_cv_to_tool_file_cmd=func_convert_file_noop

## ----------------- ##
## Output variables. ##
## ----------------- ##

ACLOCAL='${SHELL} /media/luiz_lemos/Data/projs/CartaoCidadao/_src/eidmw/xml-security-c-1.7.2/build-aux/missing --run aclocal-1.12'
AMDEPBACKSLASH='\'
AMDEP_FALSE='#'
AMDEP_TRUE=''
AMTAR='$${TAR-tar}'
AR='ar'
AUTOCONF='${SHELL} /media/luiz_lemos/Data/projs/CartaoCidadao/_src/eidmw/xml-security-c-1.7.2/build-aux/missing --run autoconf'
AUTOHEADER='${SHELL} /media/luiz_lemos/Data/projs/CartaoCidadao/_src/eidmw/xml-security-c-1.7.2/build-aux/missing --run autoheader'
AUTOMAKE='${SHELL} /media/luiz_lemos/Data/projs/CartaoCidadao/_src/eidmw/xml-security-c-1.7.2/build-aux/missing --run automake-1.12'
AWK='mawk'
CC='gcc'
CCDEPMODE='depmode=gcc3'
CFLAGS='-Wall -g -O2 -O2 -DNDEBUG -pthread -DXSEC_LIBRARY_BUILD'
CPP='gcc -E'
CPPFLAGS=' '
CXX='g++'
CXXCPP='g++ -E'
CXXDEPMODE='depmode=gcc3'
CXXFLAGS='-Wall  -O2 -DNDEBUG -pthread -DXSEC_LIBRARY_BUILD'
CYGPATH_W='echo'
DEFS='-DHAVE_CONFIG_H'
DEPDIR='.deps'
DLLTOOL='false'
DSYMUTIL=''
DUMPBIN=''
ECHO_C=''
ECHO_N='-n'
ECHO_T=''
EGREP='/bin/grep -E'
EXEEXT=''
FGREP='/bin/grep -F'
GREP='/bin/grep'
INSTALL_DATA='${INSTALL} -m 644'
INSTALL_PROGRAM='${INSTALL}'
INSTALL_SCRIPT='${INSTALL}'
INSTALL_STRIP_PROGRAM='$(install_sh) -c -s'
LD='/usr/bin/ld -m elf_x86_64'
LDFLAGS=''
LIBOBJS=''
LIBS='-lxerces-c -lm   -lssl -lcrypto'
LIBTOOL='$(SHELL) $(top_builddir)/libtool'
LIPO=''
LN_S='ln -s'
LTLIBOBJS=''
MAKEINFO='${SHELL} /media/luiz_lemos/Data/projs/CartaoCidadao/_src/eidmw/xml-security-c-1.7.2/build-aux/missing --run makeinfo'
MANIFEST_TOOL=':'
MKDIR_P='/bin/mkdir -p'
NM='/usr/bin/nm -B'
NMEDIT=''
OBJDUMP='objdump'
OBJEXT='o'
OTOOL64=''
OTOOL=''
PACKAGE='xml-security-c'
PACKAGE_BUGREPORT='dev@santuario.apache.org'
PACKAGE_NAME='XML-Security-C'
PACKAGE_STRING='XML-Security-C 1.7.2'
PACKAGE_TARNAME='xml-security-c'
PACKAGE_URL=''
PACKAGE_VERSION='1.7.2'
PATH_SEPARATOR=':'
PKG_CONFIG='/usr/bin/pkg-config'
PTHREAD_CC='gcc'
PTHREAD_CFLAGS='-pthread'
PTHREAD_LIBS=''
RANLIB='ranlib'
SED='/bin/sed'
SET_MAKE=''
SHELL='/bin/bash'
STRIP='strip'
VERSION='1.7.2'
XSEC_AM_HAVE_NSS_FALSE=''
XSEC_AM_HAVE_NSS_TRUE='#'
XSEC_AM_HAVE_OPENSSL_FALSE='#'
XSEC_AM_HAVE_OPENSSL_TRUE=''
ac_ct_AR='ar'
ac_ct_CC='gcc'
ac_ct_CXX='g++'
ac_ct_DUMPBIN=''
am__EXEEXT_FALSE=''
am__EXEEXT_TRUE='#'
am__fastdepCC_FALSE='#'
am__fastdepCC_TRUE=''
am__fastdepCXX_FALSE='#'
am__fastdepCXX_TRUE=''
am__include='include'
am__isrc=''
am__leading_dot='.'
am__nodep='_no'
am__quote=''
am__tar='$${TAR-tar} chof - "$$tardir"'
am__untar='$${TAR-tar} xf -'
ax_pthread_config=''
bindir='${exec_prefix}/bin'
build='x86_64-unknown-linux-gnu'
build_alias=''
build_cpu='x86_64'
build_os='linux-gnu'
build_vendor='unknown'
datadir='${datarootdir}'
datarootdir='${prefix}/share'
docdir='${datarootdir}/doc/${PACKAGE_TARNAME}'
dvidir='${docdir}'
exec_prefix='${prefix}'
host='x86_64-unknown-linux-gnu'
host_alias=''
host_cpu='x86_64'
host_os='linux-gnu'
host_vendor='unknown'
htmldir='${docdir}'
includedir='${prefix}/include'
infodir='${datarootdir}/info'
install_sh='${SHELL} /media/luiz_lemos/Data/projs/CartaoCidadao/_src/eidmw/xml-security-c-1.7.2/build-aux/install-sh'
libdir='${exec_prefix}/lib'
libexecdir='${exec_prefix}/libexec'
localedir='${datarootdir}/locale'
localstatedir='${prefix}/var'
mandir='${datarootdir}/man'
mkdir_p='$(MKDIR_P)'
oldincludedir='/usr/include'
pdfdir='${docdir}'
prefix='/usr/local'
program_transform_name='s,x,x,'
psdir='${docdir}'
runstatedir='${localstatedir}/run'
sbindir='${exec_prefix}/sbin'
sharedstatedir='${prefix}/com'
sysconfdir='${prefix}/etc'
target_alias=''

## ----------- ##
## confdefs.h. ##
## ----------- ##

/* confdefs.h */
#define PACKAGE_NAME "XML-Security-C"
#define PACKAGE_TARNAME "xml-security-c"
#define PACKAGE_VERSION "1.7.2"
#define PACKAGE_STRING "XML-Security-C 1.7.2"
#define PACKAGE_BUGREPORT "dev@santuario.apache.org"
#define PACKAGE_URL ""
#define PACKAGE "xml-security-c"
#define VERSION "1.7.2"
#define STDC_HEADERS 1
#define HAVE_SYS_TYPES_H 1
#define HAVE_SYS_STAT_H 1
#define HAVE_STDLIB_H 1
#define HAVE_STRING_H 1
#define HAVE_MEMORY_H 1
#define HAVE_STRINGS_H 1
#define HAVE_INTTYPES_H 1
#define HAVE_STDINT_H 1
#define HAVE_UNISTD_H 1
#define HAVE_DLFCN_H 1
#define LT_OBJDIR ".libs/"
#define HAVE_PTHREAD_PRIO_INHERIT 1
#define HAVE_PTHREAD 1
#define HAVE_LIBM 1
#define HAVE_UNISTD_H 1
#define XSEC_HAVE_STRCASECMP 1
#define XSEC_XERCES_64BITSAFE 1
#define XSEC_XERCES_INPUTSTREAM_HAS_CONTENTTYPE 1
#define XSEC_XERCES_REQUIRES_MEMMGR 1
#define XSEC_XERCES_FORMATTER_REQUIRES_VERSION 1
#define XSEC_XERCES_XMLSTRING_HAS_RELEASE 1
#define XSEC_XERCES_HAS_BOOLSETIDATTRIBUTE 1
#define XSEC_XERCES_DOMLSSERIALIZER 1
#define XSEC_XERCES_DOMENTITYINPUTENCODING 1
#define XSEC_NO_XALAN 1
#define XSEC_HAVE_OPENSSL 1
#define XSEC_OPENSSL_CONST_BUFFERS 1
#define XSEC_OPENSSL_HAVE_AES 1
#define XSEC_OPENSSL_HAVE_GCM 1
#define XSEC_OPENSSL_HAVE_MGF1 1
#define XSEC_OPENSSL_HAVE_EC 1
#define XSEC_OPENSSL_HAVE_SHA2 1
#define XSEC_OPENSSL_CANSET_PADDING 1
#define XSEC_OPENSSL_HAVE_CRYPTO_CLEANUP_ALL_EX_DATA 1
#define XSEC_OPENSSL_D2IX509_CONST_BUFFER 1

configure: exit 0

## ---------------------- ##
## Running config.status. ##
## ---------------------- ##

This file was extended by XML-Security-C config.status 1.7.2, which was
generated by GNU Autoconf 2.69.  Invocation command line was

  CONFIG_FILES    = 
  CONFIG_HEADERS  = 
  CONFIG_LINKS    = 
  CONFIG_COMMANDS = 
  $ ./config.status 

on Lenovo-Yoga-500-14ISK

config.status:1175: creating Makefile
config.status:1175: creating xsec/Makefile
config.status:1175: creating config.h
config.status:1356: config.h is unchanged
config.status:1175: creating xsec/framework/XSECConfig.hpp
config.status:1356: xsec/framework/XSECConfig.hpp is unchanged
config.status:1404: executing depfiles commands
config.status:1404: executing libtool commands

## ---------------------- ##
## Running config.status. ##
## ---------------------- ##

This file was extended by XML-Security-C config.status 1.7.2, which was
generated by GNU Autoconf 2.69.  Invocation command line was

  CONFIG_FILES    = 
  CONFIG_HEADERS  = 
  CONFIG_LINKS    = 
  CONFIG_COMMANDS = 
  $ ./config.status config.h

on Lenovo-Yoga-500-14ISK

config.status:1175: creating config.h
config.status:1356: config.h is unchanged
